# JRE version: Java(TM) SE Runtime Environment (8.0_45-b14) (build 1.8.0_45-b14)
# Java VM: Java HotSpot(TM) 64-Bit Server VM (25.45-b02 mixed mode bsd-amd64 compressed oops)
Heap:
 PSYoungGen      total 25088K, used 1188K [0x0000000795580000, 0x0000000796f00000, 0x00000007c0000000)
  eden space 24064K, 2% used [0x0000000795580000,0x0000000795631310,0x0000000796d00000)
  from space 1024K, 46% used [0x0000000796e00000,0x0000000796e78000,0x0000000796f00000)
  to   space 1024K, 0% used [0x0000000796d00000,0x0000000796d00000,0x0000000796e00000)
 ParOldGen       total 38400K, used 14043K [0x0000000740000000, 0x0000000742580000, 0x0000000795580000)
  object space 38400K, 36% used [0x0000000740000000,0x0000000740db6dc8,0x0000000742580000)
 Metaspace       used 22308K, capacity 22504K, committed 22656K, reserved 1069056K
  class space    used 2863K, capacity 2924K, committed 2944K, reserved 1048576K
GC Heap History (10 events):
Event: 86.069 GC heap before
{Heap before GC invocations=43 (full 1):
 PSYoungGen      total 25600K, used 24192K [0x0000000795580000, 0x0000000797000000, 0x00000007c0000000)
  eden space 24064K, 100% used [0x0000000795580000,0x0000000796d00000,0x0000000796d00000)
  from space 1536K, 8% used [0x0000000796d00000,0x0000000796d20000,0x0000000796e80000)
  to   space 1536K, 0% used [0x0000000796e80000,0x0000000796e80000,0x0000000797000000)
 ParOldGen       total 38400K, used 4609K [0x0000000740000000, 0x0000000742580000, 0x0000000795580000)
  object space 38400K, 12% used [0x0000000740000000,0x0000000740480508,0x0000000742580000)
 Metaspace       used 22119K, capacity 22312K, committed 22656K, reserved 1069056K
  class space    used 2854K, capacity 2924K, committed 2944K, reserved 1048576K
Event: 86.070 GC heap after
Heap after GC invocations=43 (full 1):
 PSYoungGen      total 25600K, used 128K [0x0000000795580000, 0x0000000797000000, 0x00000007c0000000)
  eden space 24064K, 0% used [0x0000000795580000,0x0000000795580000,0x0000000796d00000)
  from space 1536K, 8% used [0x0000000796e80000,0x0000000796ea0000,0x0000000797000000)
  to   space 1536K, 0% used [0x0000000796d00000,0x0000000796d00000,0x0000000796e80000)
 ParOldGen       total 38400K, used 4617K [0x0000000740000000, 0x0000000742580000, 0x0000000795580000)
  object space 38400K, 12% used [0x0000000740000000,0x0000000740482508,0x0000000742580000)
 Metaspace       used 22119K, capacity 22312K, committed 22656K, reserved 1069056K
  class space    used 2854K, capacity 2924K, committed 2944K, reserved 1048576K
}
Event: 86.438 GC heap before
{Heap before GC invocations=44 (full 1):
 PSYoungGen      total 25600K, used 24192K [0x0000000795580000, 0x0000000797000000, 0x00000007c0000000)
  eden space 24064K, 100% used [0x0000000795580000,0x0000000796d00000,0x0000000796d00000)
  from space 1536K, 8% used [0x0000000796e80000,0x0000000796ea0000,0x0000000797000000)
  to   space 1536K, 0% used [0x0000000796d00000,0x0000000796d00000,0x0000000796e80000)
 ParOldGen       total 38400K, used 4617K [0x0000000740000000, 0x0000000742580000, 0x0000000795580000)
  object space 38400K, 12% used [0x0000000740000000,0x0000000740482508,0x0000000742580000)
 Metaspace       used 22119K, capacity 22312K, committed 22656K, reserved 1069056K
  class space    used 2854K, capacity 2924K, committed 2944K, reserved 1048576K
Event: 86.439 GC heap after
Heap after GC invocations=44 (full 1):
 PSYoungGen      total 24576K, used 128K [0x0000000795580000, 0x0000000796f00000, 0x00000007c0000000)
  eden space 24064K, 0% used [0x0000000795580000,0x0000000795580000,0x0000000796d00000)
  from space 512K, 25% used [0x0000000796d00000,0x0000000796d20000,0x0000000796d80000)
  to   space 1024K, 0% used [0x0000000796e00000,0x0000000796e00000,0x0000000796f00000)
 ParOldGen       total 38400K, used 4625K [0x0000000740000000, 0x0000000742580000, 0x0000000795580000)
  object space 38400K, 12% used [0x0000000740000000,0x0000000740484508,0x0000000742580000)
 Metaspace       used 22119K, capacity 22312K, committed 22656K, reserved 1069056K
  class space    used 2854K, capacity 2924K, committed 2944K, reserved 1048576K
}
Event: 86.762 GC heap before
{Heap before GC invocations=45 (full 1):
 PSYoungGen      total 24576K, used 24192K [0x0000000795580000, 0x0000000796f00000, 0x00000007c0000000)
  eden space 24064K, 100% used [0x0000000795580000,0x0000000796d00000,0x0000000796d00000)
  from space 512K, 25% used [0x0000000796d00000,0x0000000796d20000,0x0000000796d80000)
  to   space 1024K, 0% used [0x0000000796e00000,0x0000000796e00000,0x0000000796f00000)
 ParOldGen       total 38400K, used 4625K [0x0000000740000000, 0x0000000742580000, 0x0000000795580000)
  object space 38400K, 12% used [0x0000000740000000,0x0000000740484508,0x0000000742580000)
 Metaspace       used 22119K, capacity 22312K, committed 22656K, reserved 1069056K
  class space    used 2854K, capacity 2924K, committed 2944K, reserved 1048576K
Event: 86.764 GC heap after
Heap after GC invocations=45 (full 1):
 PSYoungGen      total 25088K, used 96K [0x0000000795580000, 0x0000000796f00000, 0x00000007c0000000)
  eden space 24064K, 0% used [0x0000000795580000,0x0000000795580000,0x0000000796d00000)
  from space 1024K, 9% used [0x0000000796e00000,0x0000000796e18000,0x0000000796f00000)
  to   space 1024K, 0% used [0x0000000796d00000,0x0000000796d00000,0x0000000796e00000)
 ParOldGen       total 38400K, used 4633K [0x0000000740000000, 0x0000000742580000, 0x0000000795580000)
  object space 38400K, 12% used [0x0000000740000000,0x0000000740486508,0x0000000742580000)
 Metaspace       used 22119K, capacity 22312K, committed 22656K, reserved 1069056K
  class space    used 2854K, capacity 2924K, committed 2944K, reserved 1048576K
}
Event: 101.182 GC heap before
{Heap before GC invocations=46 (full 1):
 PSYoungGen      total 25088K, used 24160K [0x0000000795580000, 0x0000000796f00000, 0x00000007c0000000)
  eden space 24064K, 100% used [0x0000000795580000,0x0000000796d00000,0x0000000796d00000)
  from space 1024K, 9% used [0x0000000796e00000,0x0000000796e18000,0x0000000796f00000)
  to   space 1024K, 0% used [0x0000000796d00000,0x0000000796d00000,0x0000000796e00000)
 ParOldGen       total 38400K, used 4633K [0x0000000740000000, 0x0000000742580000, 0x0000000795580000)
  object space 38400K, 12% used [0x0000000740000000,0x0000000740486508,0x0000000742580000)
 Metaspace       used 22136K, capacity 22376K, committed 22656K, reserved 1069056K
  class space    used 2854K, capacity 2924K, committed 2944K, reserved 1048576K
Event: 101.183 GC heap after
Heap after GC invocations=46 (full 1):
 PSYoungGen      total 25088K, used 96K [0x0000000795580000, 0x0000000796f00000, 0x00000007c0000000)
  eden space 24064K, 0% used [0x0000000795580000,0x0000000795580000,0x0000000796d00000)
  from space 1024K, 9% used [0x0000000796d00000,0x0000000796d18000,0x0000000796e00000)
  to   space 1024K, 0% used [0x0000000796e00000,0x0000000796e00000,0x0000000796f00000)
 ParOldGen       total 38400K, used 4641K [0x0000000740000000, 0x0000000742580000, 0x0000000795580000)
  object space 38400K, 12% used [0x0000000740000000,0x0000000740488508,0x0000000742580000)
 Metaspace       used 22136K, capacity 22376K, committed 22656K, reserved 1069056K
  class space    used 2854K, capacity 2924K, committed 2944K, reserved 1048576K
}
Event: 28131.199 GC heap before
{Heap before GC invocations=47 (full 1):
 PSYoungGen      total 25088K, used 24160K [0x0000000795580000, 0x0000000796f00000, 0x00000007c0000000)
  eden space 24064K, 100% used [0x0000000795580000,0x0000000796d00000,0x0000000796d00000)
  from space 1024K, 9% used [0x0000000796d00000,0x0000000796d18000,0x0000000796e00000)
  to   space 1024K, 0% used [0x0000000796e00000,0x0000000796e00000,0x0000000796f00000)
 ParOldGen       total 38400K, used 4641K [0x0000000740000000, 0x0000000742580000, 0x0000000795580000)
  object space 38400K, 12% used [0x0000000740000000,0x0000000740488508,0x0000000742580000)
 Metaspace       used 22308K, capacity 22504K, committed 22656K, reserved 1069056K
  class space    used 2863K, capacity 2924K, committed 2944K, reserved 1048576K
Event: 28131.226 GC heap after
Heap after GC invocations=47 (full 1):
 PSYoungGen      total 25088K, used 480K [0x0000000795580000, 0x0000000796f00000, 0x00000007c0000000)
  eden space 24064K, 0% used [0x0000000795580000,0x0000000795580000,0x0000000796d00000)
  from space 1024K, 46% used [0x0000000796e00000,0x0000000796e78000,0x0000000796f00000)
  to   space 1024K, 0% used [0x0000000796d00000,0x0000000796d00000,0x0000000796e00000)
 ParOldGen       total 38400K, used 14043K [0x0000000740000000, 0x0000000742580000, 0x0000000795580000)
  object space 38400K, 36% used [0x0000000740000000,0x0000000740db6dc8,0x0000000742580000)
 Metaspace       used 22308K, capacity 22504K, committed 22656K, reserved 1069056K
  class space    used 2863K, capacity 2924K, committed 2944K, reserved 1048576K
}

